  [1m[35m (3.4ms)[0m  [1m[34mSELECT sqlite_version(*)[0m
  [1m[35m (4.9ms)[0m  [1m[35mCREATE TABLE "schema_migrations" ("version" varchar NOT NULL PRIMARY KEY)[0m
  [1m[35m (2.0ms)[0m  [1m[35mCREATE TABLE "ar_internal_metadata" ("key" varchar NOT NULL PRIMARY KEY, "value" varchar, "created_at" datetime(6) NOT NULL, "updated_at" datetime(6) NOT NULL)[0m
  [1m[35m (0.2ms)[0m  [1m[34mSELECT "schema_migrations"."version" FROM "schema_migrations" ORDER BY "schema_migrations"."version" ASC[0m
Migrating to CreateBoards (20210125225326)
  [1m[36mTRANSACTION (0.0ms)[0m  [1m[36mbegin transaction[0m
  [1m[35m (0.7ms)[0m  [1m[35mCREATE TABLE "boards" ("id" integer PRIMARY KEY AUTOINCREMENT NOT NULL, "name" varchar, "created_at" datetime(6) NOT NULL, "updated_at" datetime(6) NOT NULL)[0m
  [1m[36mActiveRecord::SchemaMigration Create (0.7ms)[0m  [1m[32mINSERT INTO "schema_migrations" ("version") VALUES (?)[0m  [["version", "20210125225326"]]
  [1m[36mTRANSACTION (2.2ms)[0m  [1m[36mcommit transaction[0m
Migrating to CreateLists (20210125225339)
  [1m[36mTRANSACTION (0.0ms)[0m  [1m[36mbegin transaction[0m
  [1m[35m (0.8ms)[0m  [1m[35mCREATE TABLE "lists" ("id" integer PRIMARY KEY AUTOINCREMENT NOT NULL, "name" varchar, "board_id" integer NOT NULL, "created_at" datetime(6) NOT NULL, "updated_at" datetime(6) NOT NULL, CONSTRAINT "fk_rails_0d3f677137"
FOREIGN KEY ("board_id")
  REFERENCES "boards" ("id")
)[0m
  [1m[35m (0.1ms)[0m  [1m[35mCREATE INDEX "index_lists_on_board_id" ON "lists" ("board_id")[0m
  [1m[36mActiveRecord::SchemaMigration Create (0.2ms)[0m  [1m[32mINSERT INTO "schema_migrations" ("version") VALUES (?)[0m  [["version", "20210125225339"]]
  [1m[36mTRANSACTION (1.3ms)[0m  [1m[36mcommit transaction[0m
Migrating to CreateTasks (20210125225403)
  [1m[36mTRANSACTION (0.1ms)[0m  [1m[36mbegin transaction[0m
  [1m[35m (1.2ms)[0m  [1m[35mCREATE TABLE "tasks" ("id" integer PRIMARY KEY AUTOINCREMENT NOT NULL, "name" varchar, "list_id" integer NOT NULL, "created_at" datetime(6) NOT NULL, "updated_at" datetime(6) NOT NULL, CONSTRAINT "fk_rails_02b8df67b5"
FOREIGN KEY ("list_id")
  REFERENCES "lists" ("id")
)[0m
  [1m[35m (0.2ms)[0m  [1m[35mCREATE INDEX "index_tasks_on_list_id" ON "tasks" ("list_id")[0m
  [1m[36mActiveRecord::SchemaMigration Create (0.3ms)[0m  [1m[32mINSERT INTO "schema_migrations" ("version") VALUES (?)[0m  [["version", "20210125225403"]]
  [1m[36mTRANSACTION (1.5ms)[0m  [1m[36mcommit transaction[0m
  [1m[36mActiveRecord::InternalMetadata Load (0.7ms)[0m  [1m[34mSELECT "ar_internal_metadata".* FROM "ar_internal_metadata" WHERE "ar_internal_metadata"."key" = ? LIMIT ?[0m  [["key", "environment"], ["LIMIT", 1]]
  [1m[36mTRANSACTION (0.1ms)[0m  [1m[36mbegin transaction[0m
  [1m[36mActiveRecord::InternalMetadata Create (1.0ms)[0m  [1m[32mINSERT INTO "ar_internal_metadata" ("key", "value", "created_at", "updated_at") VALUES (?, ?, ?, ?)[0m  [["key", "environment"], ["value", "development"], ["created_at", "2021-01-25 22:56:53.041738"], ["updated_at", "2021-01-25 22:56:53.041738"]]
  [1m[36mTRANSACTION (1.5ms)[0m  [1m[36mcommit transaction[0m
  [1m[35m (0.0ms)[0m  [1m[34mSELECT sqlite_version(*)[0m
  [1m[35m (0.7ms)[0m  [1m[34mSELECT "schema_migrations"."version" FROM "schema_migrations" ORDER BY "schema_migrations"."version" ASC[0m
  [1m[35m (0.8ms)[0m  [1m[34mSELECT sqlite_version(*)[0m
  [1m[35m (0.2ms)[0m  [1m[34mSELECT "schema_migrations"."version" FROM "schema_migrations" ORDER BY "schema_migrations"."version" ASC[0m
  [1m[35m (0.1ms)[0m  [1m[34mSELECT sqlite_version(*)[0m
  [1m[36mTRANSACTION (0.2ms)[0m  [1m[36mbegin transaction[0m
  [1m[36mBoard Create (2.9ms)[0m  [1m[32mINSERT INTO "boards" ("name", "created_at", "updated_at") VALUES (?, ?, ?)[0m  [["name", "test_board"], ["created_at", "2021-01-25 22:56:58.289598"], ["updated_at", "2021-01-25 22:56:58.289598"]]
  [1m[36mTRANSACTION (1.2ms)[0m  [1m[36mcommit transaction[0m
  [1m[36mTRANSACTION (0.3ms)[0m  [1m[36mbegin transaction[0m
  [1m[36mBoard Load (0.4ms)[0m  [1m[34mSELECT "boards".* FROM "boards" WHERE "boards"."id" = ? LIMIT ?[0m  [["id", 1], ["LIMIT", 1]]
  [1m[36mList Create (0.7ms)[0m  [1m[32mINSERT INTO "lists" ("name", "board_id", "created_at", "updated_at") VALUES (?, ?, ?, ?)[0m  [["name", "myList"], ["board_id", 1], ["created_at", "2021-01-25 22:56:58.339440"], ["updated_at", "2021-01-25 22:56:58.339440"]]
  [1m[36mTRANSACTION (1.0ms)[0m  [1m[36mcommit transaction[0m
  [1m[36mTRANSACTION (0.1ms)[0m  [1m[36mbegin transaction[0m
  [1m[36mList Load (0.4ms)[0m  [1m[34mSELECT "lists".* FROM "lists" WHERE "lists"."id" = ? LIMIT ?[0m  [["id", 1], ["LIMIT", 1]]
  [1m[36mTask Create (1.3ms)[0m  [1m[32mINSERT INTO "tasks" ("name", "list_id", "created_at", "updated_at") VALUES (?, ?, ?, ?)[0m  [["name", "testTask"], ["list_id", 1], ["created_at", "2021-01-25 22:56:58.358458"], ["updated_at", "2021-01-25 22:56:58.358458"]]
  [1m[36mTRANSACTION (1.1ms)[0m  [1m[36mcommit transaction[0m
  [1m[36mTRANSACTION (0.1ms)[0m  [1m[36mbegin transaction[0m
  [1m[36mList Load (0.2ms)[0m  [1m[34mSELECT "lists".* FROM "lists" WHERE "lists"."id" = ? LIMIT ?[0m  [["id", 1], ["LIMIT", 1]]
  [1m[36mTask Create (0.7ms)[0m  [1m[32mINSERT INTO "tasks" ("name", "list_id", "created_at", "updated_at") VALUES (?, ?, ?, ?)[0m  [["name", "task2"], ["list_id", 1], ["created_at", "2021-01-25 22:56:58.367008"], ["updated_at", "2021-01-25 22:56:58.367008"]]
  [1m[36mTRANSACTION (0.9ms)[0m  [1m[36mcommit transaction[0m
  [1m[36mTRANSACTION (0.1ms)[0m  [1m[36mbegin transaction[0m
  [1m[36mBoard Load (0.6ms)[0m  [1m[34mSELECT "boards".* FROM "boards" WHERE "boards"."id" = ? LIMIT ?[0m  [["id", 1], ["LIMIT", 1]]
  [1m[36mList Create (0.8ms)[0m  [1m[32mINSERT INTO "lists" ("name", "board_id", "created_at", "updated_at") VALUES (?, ?, ?, ?)[0m  [["name", "secondList"], ["board_id", 1], ["created_at", "2021-01-25 22:56:58.375265"], ["updated_at", "2021-01-25 22:56:58.375265"]]
  [1m[36mTRANSACTION (2.1ms)[0m  [1m[36mcommit transaction[0m
  [1m[36mTRANSACTION (0.0ms)[0m  [1m[36mbegin transaction[0m
  [1m[36mList Load (0.2ms)[0m  [1m[34mSELECT "lists".* FROM "lists" WHERE "lists"."id" = ? LIMIT ?[0m  [["id", 2], ["LIMIT", 1]]
  [1m[36mTask Create (1.3ms)[0m  [1m[32mINSERT INTO "tasks" ("name", "list_id", "created_at", "updated_at") VALUES (?, ?, ?, ?)[0m  [["name", "thirdTask"], ["list_id", 2], ["created_at", "2021-01-25 22:56:58.383567"], ["updated_at", "2021-01-25 22:56:58.383567"]]
  [1m[36mTRANSACTION (2.7ms)[0m  [1m[36mcommit transaction[0m
  [1m[36mTRANSACTION (0.1ms)[0m  [1m[36mbegin transaction[0m
  [1m[36mList Load (0.8ms)[0m  [1m[34mSELECT "lists".* FROM "lists" WHERE "lists"."id" = ? LIMIT ?[0m  [["id", 2], ["LIMIT", 1]]
  [1m[36mTask Create (0.9ms)[0m  [1m[32mINSERT INTO "tasks" ("name", "list_id", "created_at", "updated_at") VALUES (?, ?, ?, ?)[0m  [["name", "lastTask"], ["list_id", 2], ["created_at", "2021-01-25 22:56:58.395753"], ["updated_at", "2021-01-25 22:56:58.395753"]]
  [1m[36mTRANSACTION (1.7ms)[0m  [1m[36mcommit transaction[0m
  [1m[35m (1.6ms)[0m  [1m[34mSELECT sqlite_version(*)[0m
  [1m[35m (0.4ms)[0m  [1m[34mSELECT "schema_migrations"."version" FROM "schema_migrations" ORDER BY "schema_migrations"."version" ASC[0m
  [1m[35m (0.0ms)[0m  [1m[34mSELECT sqlite_version(*)[0m
  [1m[36mTRANSACTION (0.1ms)[0m  [1m[36mbegin transaction[0m
  [1m[36mBoard Create (0.8ms)[0m  [1m[32mINSERT INTO "boards" ("name", "created_at", "updated_at") VALUES (?, ?, ?)[0m  [["name", "test_board"], ["created_at", "2021-01-25 23:20:41.034252"], ["updated_at", "2021-01-25 23:20:41.034252"]]
  [1m[36mTRANSACTION (0.9ms)[0m  [1m[36mcommit transaction[0m
  [1m[36mTRANSACTION (0.1ms)[0m  [1m[36mbegin transaction[0m
  [1m[36mBoard Load (0.2ms)[0m  [1m[34mSELECT "boards".* FROM "boards" WHERE "boards"."id" = ? LIMIT ?[0m  [["id", 1], ["LIMIT", 1]]
  [1m[36mList Create (0.7ms)[0m  [1m[32mINSERT INTO "lists" ("name", "board_id", "created_at", "updated_at") VALUES (?, ?, ?, ?)[0m  [["name", "myList"], ["board_id", 1], ["created_at", "2021-01-25 23:20:41.070106"], ["updated_at", "2021-01-25 23:20:41.070106"]]
  [1m[36mTRANSACTION (1.5ms)[0m  [1m[36mcommit transaction[0m
  [1m[36mTRANSACTION (0.0ms)[0m  [1m[36mbegin transaction[0m
  [1m[36mList Load (0.2ms)[0m  [1m[34mSELECT "lists".* FROM "lists" WHERE "lists"."id" = ? LIMIT ?[0m  [["id", 1], ["LIMIT", 1]]
  [1m[36mTask Create (2.7ms)[0m  [1m[32mINSERT INTO "tasks" ("name", "list_id", "created_at", "updated_at") VALUES (?, ?, ?, ?)[0m  [["name", "testTask"], ["list_id", 1], ["created_at", "2021-01-25 23:20:41.087606"], ["updated_at", "2021-01-25 23:20:41.087606"]]
  [1m[36mTRANSACTION (17.4ms)[0m  [1m[36mcommit transaction[0m
  [1m[36mTRANSACTION (0.1ms)[0m  [1m[36mbegin transaction[0m
  [1m[36mList Load (0.1ms)[0m  [1m[34mSELECT "lists".* FROM "lists" WHERE "lists"."id" = ? LIMIT ?[0m  [["id", 1], ["LIMIT", 1]]
  [1m[36mTask Create (0.4ms)[0m  [1m[32mINSERT INTO "tasks" ("name", "list_id", "created_at", "updated_at") VALUES (?, ?, ?, ?)[0m  [["name", "task2"], ["list_id", 1], ["created_at", "2021-01-25 23:20:41.114007"], ["updated_at", "2021-01-25 23:20:41.114007"]]
  [1m[36mTRANSACTION (3.2ms)[0m  [1m[36mcommit transaction[0m
  [1m[36mTRANSACTION (0.1ms)[0m  [1m[36mbegin transaction[0m
  [1m[36mBoard Load (0.2ms)[0m  [1m[34mSELECT "boards".* FROM "boards" WHERE "boards"."id" = ? LIMIT ?[0m  [["id", 1], ["LIMIT", 1]]
  [1m[36mList Create (0.4ms)[0m  [1m[32mINSERT INTO "lists" ("name", "board_id", "created_at", "updated_at") VALUES (?, ?, ?, ?)[0m  [["name", "secondList"], ["board_id", 1], ["created_at", "2021-01-25 23:20:41.122844"], ["updated_at", "2021-01-25 23:20:41.122844"]]
  [1m[36mTRANSACTION (0.6ms)[0m  [1m[36mcommit transaction[0m
  [1m[36mTRANSACTION (0.1ms)[0m  [1m[36mbegin transaction[0m
  [1m[36mList Load (0.2ms)[0m  [1m[34mSELECT "lists".* FROM "lists" WHERE "lists"."id" = ? LIMIT ?[0m  [["id", 2], ["LIMIT", 1]]
  [1m[36mTask Create (0.3ms)[0m  [1m[32mINSERT INTO "tasks" ("name", "list_id", "created_at", "updated_at") VALUES (?, ?, ?, ?)[0m  [["name", "thirdTask"], ["list_id", 2], ["created_at", "2021-01-25 23:20:41.138728"], ["updated_at", "2021-01-25 23:20:41.138728"]]
  [1m[36mTRANSACTION (0.6ms)[0m  [1m[36mcommit transaction[0m
  [1m[36mTRANSACTION (0.0ms)[0m  [1m[36mbegin transaction[0m
  [1m[36mList Load (0.3ms)[0m  [1m[34mSELECT "lists".* FROM "lists" WHERE "lists"."id" = ? LIMIT ?[0m  [["id", 2], ["LIMIT", 1]]
  [1m[36mTask Create (0.5ms)[0m  [1m[32mINSERT INTO "tasks" ("name", "list_id", "created_at", "updated_at") VALUES (?, ?, ?, ?)[0m  [["name", "lastTask"], ["list_id", 2], ["created_at", "2021-01-25 23:20:41.168909"], ["updated_at", "2021-01-25 23:20:41.168909"]]
  [1m[36mTRANSACTION (1.0ms)[0m  [1m[36mcommit transaction[0m
Started GET "/boards" for ::1 at 2021-01-25 15:33:54 -0800
  [1m[35m (0.9ms)[0m  [1m[34mSELECT sqlite_version(*)[0m
  [1m[35m (0.2ms)[0m  [1m[34mSELECT "schema_migrations"."version" FROM "schema_migrations" ORDER BY "schema_migrations"."version" ASC[0m
Processing by BoardsController#index as */*
  [1m[36mBoard Load (0.3ms)[0m  [1m[34mSELECT "boards".* FROM "boards"[0m
  ↳ app/controllers/boards_controller.rb:4:in `index'
Completed 200 OK in 51ms (Views: 11.9ms | ActiveRecord: 0.7ms | Allocations: 8071)


Started GET "/boards" for ::1 at 2021-01-25 15:34:05 -0800
Processing by BoardsController#index as */*
  [1m[36mBoard Load (0.2ms)[0m  [1m[34mSELECT "boards".* FROM "boards"[0m
  ↳ app/controllers/boards_controller.rb:4:in `index'
Completed 200 OK in 2ms (Views: 1.7ms | ActiveRecord: 0.2ms | Allocations: 817)


Started GET "/boards" for ::1 at 2021-01-25 15:34:16 -0800
Processing by BoardsController#index as */*
  [1m[36mBoard Load (0.1ms)[0m  [1m[34mSELECT "boards".* FROM "boards"[0m
  ↳ app/controllers/boards_controller.rb:4:in `index'
Completed 200 OK in 1ms (Views: 1.1ms | ActiveRecord: 0.1ms | Allocations: 817)


Started GET "/boards" for ::1 at 2021-01-25 15:34:18 -0800
Processing by BoardsController#index as */*
  [1m[36mBoard Load (0.2ms)[0m  [1m[34mSELECT "boards".* FROM "boards"[0m
  ↳ app/controllers/boards_controller.rb:4:in `index'
Completed 200 OK in 2ms (Views: 1.8ms | ActiveRecord: 0.2ms | Allocations: 817)


Started GET "/boards" for ::1 at 2021-01-25 15:38:43 -0800
Processing by BoardsController#index as */*
  [1m[36mBoard Load (0.1ms)[0m  [1m[34mSELECT "boards".* FROM "boards"[0m
  ↳ app/controllers/boards_controller.rb:4:in `index'
Completed 200 OK in 1ms (Views: 1.0ms | ActiveRecord: 0.1ms | Allocations: 799)


Started GET "/boards" for ::1 at 2021-01-25 15:38:44 -0800
Processing by BoardsController#index as */*
  [1m[36mBoard Load (0.1ms)[0m  [1m[34mSELECT "boards".* FROM "boards"[0m
  ↳ app/controllers/boards_controller.rb:4:in `index'
Completed 200 OK in 2ms (Views: 1.8ms | ActiveRecord: 0.1ms | Allocations: 799)


Started GET "/boards" for ::1 at 2021-01-25 15:38:44 -0800
Processing by BoardsController#index as */*
  [1m[36mBoard Load (0.2ms)[0m  [1m[34mSELECT "boards".* FROM "boards"[0m
  ↳ app/controllers/boards_controller.rb:4:in `index'
Completed 200 OK in 1ms (Views: 1.1ms | ActiveRecord: 0.2ms | Allocations: 817)


Started GET "/boards" for ::1 at 2021-01-25 15:38:45 -0800
Processing by BoardsController#index as */*
  [1m[36mBoard Load (0.1ms)[0m  [1m[34mSELECT "boards".* FROM "boards"[0m
  ↳ app/controllers/boards_controller.rb:4:in `index'
Completed 200 OK in 1ms (Views: 1.1ms | ActiveRecord: 0.1ms | Allocations: 799)


Started GET "/boards" for ::1 at 2021-01-25 15:38:45 -0800
Processing by BoardsController#index as */*
  [1m[36mBoard Load (0.1ms)[0m  [1m[34mSELECT "boards".* FROM "boards"[0m
  ↳ app/controllers/boards_controller.rb:4:in `index'
Completed 200 OK in 22ms (Views: 22.0ms | ActiveRecord: 0.1ms | Allocations: 800)


Started GET "/boards" for ::1 at 2021-01-25 15:38:45 -0800
Processing by BoardsController#index as */*
  [1m[36mBoard Load (0.1ms)[0m  [1m[34mSELECT "boards".* FROM "boards"[0m
  ↳ app/controllers/boards_controller.rb:4:in `index'
Completed 200 OK in 1ms (Views: 1.1ms | ActiveRecord: 0.1ms | Allocations: 799)


Started GET "/boards" for ::1 at 2021-01-25 15:38:52 -0800
Processing by BoardsController#index as */*
  [1m[36mBoard Load (0.2ms)[0m  [1m[34mSELECT "boards".* FROM "boards"[0m
  ↳ app/controllers/boards_controller.rb:4:in `index'
Completed 200 OK in 2ms (Views: 1.8ms | ActiveRecord: 0.2ms | Allocations: 799)


Started GET "/boards" for ::1 at 2021-01-25 15:38:52 -0800
Processing by BoardsController#index as */*
  [1m[36mBoard Load (0.1ms)[0m  [1m[34mSELECT "boards".* FROM "boards"[0m
  ↳ app/controllers/boards_controller.rb:4:in `index'
Completed 200 OK in 2ms (Views: 2.0ms | ActiveRecord: 0.1ms | Allocations: 799)


Started GET "/boards" for ::1 at 2021-01-25 15:38:53 -0800
Processing by BoardsController#index as */*
  [1m[36mBoard Load (0.1ms)[0m  [1m[34mSELECT "boards".* FROM "boards"[0m
  ↳ app/controllers/boards_controller.rb:4:in `index'
Completed 200 OK in 1ms (Views: 1.2ms | ActiveRecord: 0.1ms | Allocations: 799)


Started GET "/boards" for ::1 at 2021-01-25 15:38:56 -0800
Processing by BoardsController#index as */*
  [1m[36mBoard Load (0.2ms)[0m  [1m[34mSELECT "boards".* FROM "boards"[0m
  ↳ app/controllers/boards_controller.rb:4:in `index'
Completed 200 OK in 3ms (Views: 2.4ms | ActiveRecord: 0.2ms | Allocations: 799)


Started GET "/boards" for ::1 at 2021-01-25 15:38:57 -0800
Processing by BoardsController#index as */*
  [1m[36mBoard Load (0.1ms)[0m  [1m[34mSELECT "boards".* FROM "boards"[0m
  ↳ app/controllers/boards_controller.rb:4:in `index'
Completed 200 OK in 2ms (Views: 1.2ms | ActiveRecord: 0.1ms | Allocations: 799)


Started GET "/boards" for ::1 at 2021-01-25 15:38:59 -0800
Processing by BoardsController#index as */*
  [1m[36mBoard Load (0.1ms)[0m  [1m[34mSELECT "boards".* FROM "boards"[0m
  ↳ app/controllers/boards_controller.rb:4:in `index'
Completed 200 OK in 2ms (Views: 1.8ms | ActiveRecord: 0.1ms | Allocations: 799)


Started GET "/boards" for ::1 at 2021-01-25 15:39:01 -0800
Processing by BoardsController#index as */*
  [1m[36mBoard Load (0.1ms)[0m  [1m[34mSELECT "boards".* FROM "boards"[0m
  ↳ app/controllers/boards_controller.rb:4:in `index'
Completed 200 OK in 1ms (Views: 1.1ms | ActiveRecord: 0.1ms | Allocations: 799)


Started GET "/boards" for ::1 at 2021-01-25 15:39:02 -0800
Processing by BoardsController#index as */*
  [1m[36mBoard Load (0.1ms)[0m  [1m[34mSELECT "boards".* FROM "boards"[0m
  ↳ app/controllers/boards_controller.rb:4:in `index'
Completed 200 OK in 2ms (Views: 1.5ms | ActiveRecord: 0.1ms | Allocations: 799)


Started GET "/boards" for ::1 at 2021-01-25 15:39:04 -0800
Processing by BoardsController#index as */*
  [1m[36mBoard Load (0.1ms)[0m  [1m[34mSELECT "boards".* FROM "boards"[0m
  ↳ app/controllers/boards_controller.rb:4:in `index'
Completed 200 OK in 2ms (Views: 1.7ms | ActiveRecord: 0.1ms | Allocations: 799)


Started GET "/" for ::1 at 2021-01-25 15:42:38 -0800
Processing by Rails::WelcomeController#index as HTML
  Rendering /Users/mattchoi/.rvm/gems/ruby-2.6.1/gems/railties-6.1.1/lib/rails/templates/rails/welcome/index.html.erb
  Rendered /Users/mattchoi/.rvm/gems/ruby-2.6.1/gems/railties-6.1.1/lib/rails/templates/rails/welcome/index.html.erb (Duration: 11.9ms | Allocations: 480)
Completed 200 OK in 53ms (Views: 22.0ms | ActiveRecord: 0.0ms | Allocations: 4145)


Started GET "/boards" for ::1 at 2021-01-25 15:42:41 -0800
Processing by BoardsController#index as HTML
  [1m[36mBoard Load (0.3ms)[0m  [1m[34mSELECT "boards".* FROM "boards"[0m
  ↳ app/controllers/boards_controller.rb:4:in `index'
Completed 200 OK in 6ms (Views: 4.5ms | ActiveRecord: 0.3ms | Allocations: 795)


Started GET "/favicon.ico" for ::1 at 2021-01-25 15:42:42 -0800
  
ActionController::RoutingError (No route matches [GET] "/favicon.ico"):
  
Started GET "/boards" for ::1 at 2021-01-25 15:46:22 -0800
Processing by BoardsController#index as */*
  [1m[36mBoard Load (0.2ms)[0m  [1m[34mSELECT "boards".* FROM "boards"[0m
  ↳ app/controllers/boards_controller.rb:4:in `index'
Completed 200 OK in 2ms (Views: 1.5ms | ActiveRecord: 0.2ms | Allocations: 960)


Started GET "/boards" for ::1 at 2021-01-25 15:46:59 -0800
Processing by BoardsController#index as */*
  [1m[36mBoard Load (0.1ms)[0m  [1m[34mSELECT "boards".* FROM "boards"[0m
  ↳ app/controllers/boards_controller.rb:4:in `index'
Completed 200 OK in 2ms (Views: 1.5ms | ActiveRecord: 0.1ms | Allocations: 799)


Started GET "/boards" for ::1 at 2021-01-25 15:47:55 -0800
Processing by BoardsController#index as */*
  [1m[36mBoard Load (0.1ms)[0m  [1m[34mSELECT "boards".* FROM "boards"[0m
  ↳ app/controllers/boards_controller.rb:4:in `index'
Completed 200 OK in 2ms (Views: 1.6ms | ActiveRecord: 0.1ms | Allocations: 799)


Started GET "/boards" for ::1 at 2021-01-25 15:47:56 -0800
Processing by BoardsController#index as */*
  [1m[36mBoard Load (0.1ms)[0m  [1m[34mSELECT "boards".* FROM "boards"[0m
  ↳ app/controllers/boards_controller.rb:4:in `index'
Completed 200 OK in 2ms (Views: 1.3ms | ActiveRecord: 0.1ms | Allocations: 799)


Started GET "/boards" for ::1 at 2021-01-25 15:49:18 -0800
Processing by BoardsController#index as */*
  [1m[36mBoard Load (0.1ms)[0m  [1m[34mSELECT "boards".* FROM "boards"[0m
  ↳ app/controllers/boards_controller.rb:4:in `index'
Completed 200 OK in 3ms (Views: 2.6ms | ActiveRecord: 0.1ms | Allocations: 799)


Started GET "/boards" for ::1 at 2021-01-25 15:52:09 -0800
Processing by BoardsController#index as */*
  [1m[36mBoard Load (0.1ms)[0m  [1m[34mSELECT "boards".* FROM "boards"[0m
  ↳ app/controllers/boards_controller.rb:4:in `index'
Completed 200 OK in 2ms (Views: 1.8ms | ActiveRecord: 0.1ms | Allocations: 800)


Started GET "/boards" for ::1 at 2021-01-25 15:52:21 -0800
Processing by BoardsController#index as */*
  [1m[36mBoard Load (0.1ms)[0m  [1m[34mSELECT "boards".* FROM "boards"[0m
  ↳ app/controllers/boards_controller.rb:4:in `index'
Completed 200 OK in 2ms (Views: 2.0ms | ActiveRecord: 0.1ms | Allocations: 799)


Started GET "/boards" for ::1 at 2021-01-25 15:52:31 -0800
Processing by BoardsController#index as */*
  [1m[36mBoard Load (0.2ms)[0m  [1m[34mSELECT "boards".* FROM "boards"[0m
  ↳ app/controllers/boards_controller.rb:4:in `index'
Completed 200 OK in 2ms (Views: 1.4ms | ActiveRecord: 0.2ms | Allocations: 799)


Started GET "/boards" for ::1 at 2021-01-25 15:54:20 -0800
Processing by BoardsController#index as */*
  [1m[36mBoard Load (0.2ms)[0m  [1m[34mSELECT "boards".* FROM "boards"[0m
  ↳ app/controllers/boards_controller.rb:4:in `index'
Completed 200 OK in 3ms (Views: 2.5ms | ActiveRecord: 0.2ms | Allocations: 799)


Started GET "/boards" for ::1 at 2021-01-25 16:28:02 -0800
Processing by BoardsController#index as */*
  [1m[35m (0.1ms)[0m  [1m[34mSELECT sqlite_version(*)[0m
  ↳ app/controllers/boards_controller.rb:4:in `index'
  [1m[36mBoard Load (0.3ms)[0m  [1m[34mSELECT "boards".* FROM "boards"[0m
  ↳ app/controllers/boards_controller.rb:4:in `index'
Completed 200 OK in 4ms (Views: 3.8ms | ActiveRecord: 0.8ms | Allocations: 1386)


Started GET "/boards" for ::1 at 2021-01-25 16:28:53 -0800
Processing by BoardsController#index as */*
  [1m[36mBoard Load (0.2ms)[0m  [1m[34mSELECT "boards".* FROM "boards"[0m
  ↳ app/controllers/boards_controller.rb:4:in `index'
Completed 200 OK in 2ms (Views: 1.7ms | ActiveRecord: 0.2ms | Allocations: 799)


Started GET "/boards" for ::1 at 2021-01-25 16:28:53 -0800
Processing by BoardsController#index as */*
  [1m[36mBoard Load (0.1ms)[0m  [1m[34mSELECT "boards".* FROM "boards"[0m
  ↳ app/controllers/boards_controller.rb:4:in `index'
Completed 200 OK in 1ms (Views: 1.1ms | ActiveRecord: 0.1ms | Allocations: 799)


Started GET "/boards" for ::1 at 2021-01-25 16:30:09 -0800
Processing by BoardsController#index as */*
  [1m[36mBoard Load (0.1ms)[0m  [1m[34mSELECT "boards".* FROM "boards"[0m
  ↳ app/controllers/boards_controller.rb:4:in `index'
Completed 200 OK in 2ms (Views: 1.5ms | ActiveRecord: 0.1ms | Allocations: 799)


Started GET "/boards" for ::1 at 2021-01-25 16:30:18 -0800
Processing by BoardsController#index as */*
  [1m[36mBoard Load (0.1ms)[0m  [1m[34mSELECT "boards".* FROM "boards"[0m
  ↳ app/controllers/boards_controller.rb:4:in `index'
Completed 200 OK in 2ms (Views: 1.4ms | ActiveRecord: 0.1ms | Allocations: 799)


Started GET "/boards" for ::1 at 2021-01-25 16:30:39 -0800
Processing by BoardsController#index as */*
  [1m[36mBoard Load (0.1ms)[0m  [1m[34mSELECT "boards".* FROM "boards"[0m
  ↳ app/controllers/boards_controller.rb:4:in `index'
Completed 200 OK in 4ms (Views: 3.1ms | ActiveRecord: 0.1ms | Allocations: 799)


Started GET "/boards" for ::1 at 2021-01-25 16:30:43 -0800
Processing by BoardsController#index as */*
  [1m[36mBoard Load (0.1ms)[0m  [1m[34mSELECT "boards".* FROM "boards"[0m
  ↳ app/controllers/boards_controller.rb:4:in `index'
Completed 200 OK in 2ms (Views: 1.5ms | ActiveRecord: 0.1ms | Allocations: 799)


Started GET "/boards" for ::1 at 2021-01-25 16:30:44 -0800
Processing by BoardsController#index as */*
  [1m[36mBoard Load (0.1ms)[0m  [1m[34mSELECT "boards".* FROM "boards"[0m
  ↳ app/controllers/boards_controller.rb:4:in `index'
Completed 200 OK in 2ms (Views: 1.5ms | ActiveRecord: 0.1ms | Allocations: 799)


Started GET "/boards" for ::1 at 2021-01-25 16:30:44 -0800
Processing by BoardsController#index as */*
  [1m[36mBoard Load (0.1ms)[0m  [1m[34mSELECT "boards".* FROM "boards"[0m
  ↳ app/controllers/boards_controller.rb:4:in `index'
Completed 200 OK in 1ms (Views: 1.2ms | ActiveRecord: 0.1ms | Allocations: 799)


Started GET "/boards" for ::1 at 2021-01-25 16:30:45 -0800
Processing by BoardsController#index as */*
  [1m[36mBoard Load (0.1ms)[0m  [1m[34mSELECT "boards".* FROM "boards"[0m
  ↳ app/controllers/boards_controller.rb:4:in `index'
Completed 200 OK in 1ms (Views: 1.0ms | ActiveRecord: 0.1ms | Allocations: 799)


Started GET "/boards" for ::1 at 2021-01-25 16:30:47 -0800
Processing by BoardsController#index as */*
  [1m[36mBoard Load (0.1ms)[0m  [1m[34mSELECT "boards".* FROM "boards"[0m
  ↳ app/controllers/boards_controller.rb:4:in `index'
Completed 200 OK in 2ms (Views: 1.6ms | ActiveRecord: 0.1ms | Allocations: 799)


Started GET "/boards" for ::1 at 2021-01-25 16:55:42 -0800
Processing by BoardsController#index as */*
  [1m[35m (0.1ms)[0m  [1m[34mSELECT sqlite_version(*)[0m
  ↳ app/controllers/boards_controller.rb:4:in `index'
  [1m[36mBoard Load (0.4ms)[0m  [1m[34mSELECT "boards".* FROM "boards"[0m
  ↳ app/controllers/boards_controller.rb:4:in `index'
Completed 200 OK in 10ms (Views: 8.8ms | ActiveRecord: 0.8ms | Allocations: 1375)


Started GET "/boards" for ::1 at 2021-01-25 16:56:00 -0800
Processing by BoardsController#index as */*
  [1m[36mBoard Load (0.2ms)[0m  [1m[34mSELECT "boards".* FROM "boards"[0m
  ↳ app/controllers/boards_controller.rb:4:in `index'
Completed 200 OK in 9ms (Views: 4.0ms | ActiveRecord: 0.2ms | Allocations: 799)


Started GET "/boards" for ::1 at 2021-01-25 16:56:53 -0800
Processing by BoardsController#index as */*
  [1m[36mBoard Load (0.1ms)[0m  [1m[34mSELECT "boards".* FROM "boards"[0m
  ↳ app/controllers/boards_controller.rb:4:in `index'
Completed 200 OK in 7ms (Views: 6.7ms | ActiveRecord: 0.1ms | Allocations: 799)


Started GET "/boards" for ::1 at 2021-01-25 16:57:00 -0800
Processing by BoardsController#index as */*
  [1m[36mBoard Load (0.1ms)[0m  [1m[34mSELECT "boards".* FROM "boards"[0m
  ↳ app/controllers/boards_controller.rb:4:in `index'
Completed 200 OK in 4ms (Views: 3.2ms | ActiveRecord: 0.1ms | Allocations: 799)


Started GET "/boards" for ::1 at 2021-01-25 16:57:47 -0800
Processing by BoardsController#index as */*
  [1m[36mBoard Load (0.2ms)[0m  [1m[34mSELECT "boards".* FROM "boards"[0m
  ↳ app/controllers/boards_controller.rb:4:in `index'
Completed 200 OK in 6ms (Views: 5.2ms | ActiveRecord: 0.2ms | Allocations: 799)


Started GET "/boards" for ::1 at 2021-01-25 16:57:47 -0800
Processing by BoardsController#index as */*
  [1m[36mBoard Load (0.1ms)[0m  [1m[34mSELECT "boards".* FROM "boards"[0m
  ↳ app/controllers/boards_controller.rb:4:in `index'
Completed 200 OK in 7ms (Views: 6.1ms | ActiveRecord: 0.1ms | Allocations: 799)


Started GET "/boards" for ::1 at 2021-01-25 16:57:48 -0800
Processing by BoardsController#index as */*
  [1m[36mBoard Load (0.1ms)[0m  [1m[34mSELECT "boards".* FROM "boards"[0m
  ↳ app/controllers/boards_controller.rb:4:in `index'
Completed 200 OK in 6ms (Views: 5.1ms | ActiveRecord: 0.1ms | Allocations: 799)


Started GET "/boards" for ::1 at 2021-01-25 16:57:48 -0800
Processing by BoardsController#index as */*
  [1m[36mBoard Load (0.2ms)[0m  [1m[34mSELECT "boards".* FROM "boards"[0m
  ↳ app/controllers/boards_controller.rb:4:in `index'
Completed 200 OK in 5ms (Views: 4.0ms | ActiveRecord: 0.2ms | Allocations: 799)


Started GET "/boards" for ::1 at 2021-01-25 16:57:49 -0800
Processing by BoardsController#index as */*
  [1m[36mBoard Load (0.1ms)[0m  [1m[34mSELECT "boards".* FROM "boards"[0m
  ↳ app/controllers/boards_controller.rb:4:in `index'
Completed 200 OK in 2ms (Views: 2.1ms | ActiveRecord: 0.1ms | Allocations: 799)


Started GET "/boards" for ::1 at 2021-01-25 16:57:51 -0800
Processing by BoardsController#index as */*
  [1m[36mBoard Load (0.2ms)[0m  [1m[34mSELECT "boards".* FROM "boards"[0m
  ↳ app/controllers/boards_controller.rb:4:in `index'
Completed 200 OK in 7ms (Views: 6.2ms | ActiveRecord: 0.2ms | Allocations: 799)


Started GET "/boards" for ::1 at 2021-01-25 16:57:56 -0800
Processing by BoardsController#index as */*
  [1m[36mBoard Load (0.2ms)[0m  [1m[34mSELECT "boards".* FROM "boards"[0m
  ↳ app/controllers/boards_controller.rb:4:in `index'
Completed 200 OK in 10ms (Views: 3.9ms | ActiveRecord: 0.2ms | Allocations: 799)


Started GET "/boards" for ::1 at 2021-01-25 16:57:57 -0800
Processing by BoardsController#index as */*
  [1m[36mBoard Load (0.1ms)[0m  [1m[34mSELECT "boards".* FROM "boards"[0m
  ↳ app/controllers/boards_controller.rb:4:in `index'
Completed 200 OK in 3ms (Views: 2.2ms | ActiveRecord: 0.1ms | Allocations: 799)


Started GET "/boards" for ::1 at 2021-01-25 16:57:58 -0800
Processing by BoardsController#index as */*
  [1m[36mBoard Load (0.1ms)[0m  [1m[34mSELECT "boards".* FROM "boards"[0m
  ↳ app/controllers/boards_controller.rb:4:in `index'
Completed 200 OK in 3ms (Views: 2.8ms | ActiveRecord: 0.1ms | Allocations: 799)


Started GET "/boards" for ::1 at 2021-01-25 16:59:12 -0800
Processing by BoardsController#index as */*
  [1m[36mBoard Load (1.1ms)[0m  [1m[34mSELECT "boards".* FROM "boards"[0m
  ↳ app/controllers/boards_controller.rb:4:in `index'
Completed 200 OK in 3ms (Views: 1.9ms | ActiveRecord: 1.1ms | Allocations: 799)


Started GET "/boards" for ::1 at 2021-01-25 16:59:13 -0800
Processing by BoardsController#index as */*
  [1m[36mBoard Load (0.1ms)[0m  [1m[34mSELECT "boards".* FROM "boards"[0m
  ↳ app/controllers/boards_controller.rb:4:in `index'
Completed 200 OK in 8ms (Views: 1.5ms | ActiveRecord: 0.1ms | Allocations: 799)


Started GET "/boards" for ::1 at 2021-01-25 16:59:15 -0800
Processing by BoardsController#index as */*
  [1m[36mBoard Load (0.1ms)[0m  [1m[34mSELECT "boards".* FROM "boards"[0m
  ↳ app/controllers/boards_controller.rb:4:in `index'
Completed 200 OK in 3ms (Views: 2.6ms | ActiveRecord: 0.1ms | Allocations: 799)


Started GET "/boards" for ::1 at 2021-01-25 16:59:16 -0800
Processing by BoardsController#index as */*
  [1m[36mBoard Load (0.2ms)[0m  [1m[34mSELECT "boards".* FROM "boards"[0m
  ↳ app/controllers/boards_controller.rb:4:in `index'
Completed 200 OK in 5ms (Views: 2.7ms | ActiveRecord: 0.2ms | Allocations: 799)


Started GET "/boards" for ::1 at 2021-01-25 16:59:17 -0800
Processing by BoardsController#index as */*
  [1m[36mBoard Load (0.2ms)[0m  [1m[34mSELECT "boards".* FROM "boards"[0m
  ↳ app/controllers/boards_controller.rb:4:in `index'
Completed 200 OK in 5ms (Views: 4.6ms | ActiveRecord: 0.2ms | Allocations: 799)


Started GET "/boards" for ::1 at 2021-01-25 16:59:33 -0800
Processing by BoardsController#index as */*
  [1m[36mBoard Load (0.6ms)[0m  [1m[34mSELECT "boards".* FROM "boards"[0m
  ↳ app/controllers/boards_controller.rb:4:in `index'
Completed 200 OK in 6ms (Views: 5.1ms | ActiveRecord: 0.6ms | Allocations: 799)


Started GET "/boards" for ::1 at 2021-01-25 16:59:33 -0800
Processing by BoardsController#index as */*
  [1m[36mBoard Load (0.1ms)[0m  [1m[34mSELECT "boards".* FROM "boards"[0m
  ↳ app/controllers/boards_controller.rb:4:in `index'
Completed 200 OK in 50ms (Views: 49.2ms | ActiveRecord: 0.1ms | Allocations: 809)


Started GET "/boards" for ::1 at 2021-01-25 16:59:34 -0800
Processing by BoardsController#index as */*
  [1m[36mBoard Load (0.1ms)[0m  [1m[34mSELECT "boards".* FROM "boards"[0m
  ↳ app/controllers/boards_controller.rb:4:in `index'
Completed 200 OK in 2ms (Views: 1.5ms | ActiveRecord: 0.1ms | Allocations: 799)


Started GET "/boards" for ::1 at 2021-01-25 16:59:35 -0800
Processing by BoardsController#index as */*
  [1m[36mBoard Load (0.2ms)[0m  [1m[34mSELECT "boards".* FROM "boards"[0m
  ↳ app/controllers/boards_controller.rb:4:in `index'
Completed 200 OK in 2ms (Views: 1.9ms | ActiveRecord: 0.2ms | Allocations: 799)


Started GET "/boards" for ::1 at 2021-01-25 16:59:39 -0800
Processing by BoardsController#index as */*
  [1m[36mBoard Load (0.1ms)[0m  [1m[34mSELECT "boards".* FROM "boards"[0m
  ↳ app/controllers/boards_controller.rb:4:in `index'
Completed 200 OK in 2ms (Views: 1.6ms | ActiveRecord: 0.1ms | Allocations: 799)


Started GET "/boards" for ::1 at 2021-01-25 16:59:51 -0800
Processing by BoardsController#index as */*
  [1m[36mBoard Load (0.2ms)[0m  [1m[34mSELECT "boards".* FROM "boards"[0m
  ↳ app/controllers/boards_controller.rb:4:in `index'
Completed 200 OK in 2ms (Views: 2.0ms | ActiveRecord: 0.2ms | Allocations: 799)


Started GET "/boards" for ::1 at 2021-01-25 16:59:54 -0800
Processing by BoardsController#index as */*
  [1m[36mBoard Load (0.1ms)[0m  [1m[34mSELECT "boards".* FROM "boards"[0m
  ↳ app/controllers/boards_controller.rb:4:in `index'
Completed 200 OK in 2ms (Views: 1.2ms | ActiveRecord: 0.1ms | Allocations: 799)


Started GET "/boards" for ::1 at 2021-01-25 16:59:55 -0800
Processing by BoardsController#index as */*
  [1m[36mBoard Load (0.2ms)[0m  [1m[34mSELECT "boards".* FROM "boards"[0m
  ↳ app/controllers/boards_controller.rb:4:in `index'
Completed 200 OK in 3ms (Views: 2.2ms | ActiveRecord: 0.2ms | Allocations: 799)


Started GET "/boards" for ::1 at 2021-01-25 16:59:58 -0800
Processing by BoardsController#index as */*
  [1m[36mBoard Load (0.1ms)[0m  [1m[34mSELECT "boards".* FROM "boards"[0m
  ↳ app/controllers/boards_controller.rb:4:in `index'
Completed 200 OK in 3ms (Views: 2.9ms | ActiveRecord: 0.1ms | Allocations: 799)


Started GET "/boards" for ::1 at 2021-01-25 17:00:00 -0800
Processing by BoardsController#index as */*
  [1m[36mBoard Load (0.1ms)[0m  [1m[34mSELECT "boards".* FROM "boards"[0m
  ↳ app/controllers/boards_controller.rb:4:in `index'
Completed 200 OK in 2ms (Views: 1.3ms | ActiveRecord: 0.1ms | Allocations: 799)


Started GET "/boards" for ::1 at 2021-01-25 17:00:23 -0800
Processing by BoardsController#index as */*
  [1m[36mBoard Load (0.3ms)[0m  [1m[34mSELECT "boards".* FROM "boards"[0m
  ↳ app/controllers/boards_controller.rb:4:in `index'
Completed 200 OK in 3ms (Views: 2.6ms | ActiveRecord: 0.3ms | Allocations: 799)


Started GET "/boards" for ::1 at 2021-01-25 17:01:11 -0800
Processing by BoardsController#index as */*
  [1m[36mBoard Load (0.1ms)[0m  [1m[34mSELECT "boards".* FROM "boards"[0m
  ↳ app/controllers/boards_controller.rb:4:in `index'
Completed 200 OK in 2ms (Views: 1.4ms | ActiveRecord: 0.1ms | Allocations: 799)


Started GET "/boards" for ::1 at 2021-01-25 17:01:22 -0800
Processing by BoardsController#index as */*
  [1m[36mBoard Load (0.1ms)[0m  [1m[34mSELECT "boards".* FROM "boards"[0m
  ↳ app/controllers/boards_controller.rb:4:in `index'
Completed 200 OK in 2ms (Views: 1.2ms | ActiveRecord: 0.1ms | Allocations: 799)


Started GET "/boards" for ::1 at 2021-01-25 17:01:23 -0800
Processing by BoardsController#index as */*
  [1m[36mBoard Load (0.1ms)[0m  [1m[34mSELECT "boards".* FROM "boards"[0m
  ↳ app/controllers/boards_controller.rb:4:in `index'
Completed 200 OK in 2ms (Views: 1.2ms | ActiveRecord: 0.1ms | Allocations: 799)


Started GET "/boards" for ::1 at 2021-01-25 17:01:23 -0800
Processing by BoardsController#index as */*
  [1m[36mBoard Load (0.1ms)[0m  [1m[34mSELECT "boards".* FROM "boards"[0m
  ↳ app/controllers/boards_controller.rb:4:in `index'
Completed 200 OK in 2ms (Views: 2.1ms | ActiveRecord: 0.1ms | Allocations: 799)


Started GET "/boards" for ::1 at 2021-01-25 17:01:31 -0800
Processing by BoardsController#index as */*
  [1m[36mBoard Load (0.1ms)[0m  [1m[34mSELECT "boards".* FROM "boards"[0m
  ↳ app/controllers/boards_controller.rb:4:in `index'
Completed 200 OK in 3ms (Views: 2.3ms | ActiveRecord: 0.1ms | Allocations: 799)


Started GET "/boards" for ::1 at 2021-01-25 17:01:36 -0800
Processing by BoardsController#index as */*
  [1m[36mBoard Load (0.2ms)[0m  [1m[34mSELECT "boards".* FROM "boards"[0m
  ↳ app/controllers/boards_controller.rb:4:in `index'
Completed 200 OK in 2ms (Views: 2.0ms | ActiveRecord: 0.2ms | Allocations: 799)


Started GET "/boards" for ::1 at 2021-01-25 17:01:37 -0800
Processing by BoardsController#index as */*
  [1m[36mBoard Load (0.1ms)[0m  [1m[34mSELECT "boards".* FROM "boards"[0m
  ↳ app/controllers/boards_controller.rb:4:in `index'
Completed 200 OK in 2ms (Views: 1.9ms | ActiveRecord: 0.1ms | Allocations: 799)


Started GET "/boards" for ::1 at 2021-01-25 17:01:37 -0800
Processing by BoardsController#index as */*
  [1m[36mBoard Load (0.1ms)[0m  [1m[34mSELECT "boards".* FROM "boards"[0m
  ↳ app/controllers/boards_controller.rb:4:in `index'
Completed 200 OK in 2ms (Views: 1.7ms | ActiveRecord: 0.1ms | Allocations: 799)


Started GET "/boards" for ::1 at 2021-01-25 17:01:38 -0800
Processing by BoardsController#index as */*
  [1m[36mBoard Load (0.1ms)[0m  [1m[34mSELECT "boards".* FROM "boards"[0m
  ↳ app/controllers/boards_controller.rb:4:in `index'
Completed 200 OK in 2ms (Views: 1.4ms | ActiveRecord: 0.1ms | Allocations: 799)


Started GET "/boards" for ::1 at 2021-01-25 17:01:49 -0800
Processing by BoardsController#index as */*
  [1m[36mBoard Load (0.1ms)[0m  [1m[34mSELECT "boards".* FROM "boards"[0m
  ↳ app/controllers/boards_controller.rb:4:in `index'
Completed 200 OK in 2ms (Views: 1.5ms | ActiveRecord: 0.1ms | Allocations: 799)


Started GET "/boards" for ::1 at 2021-01-25 17:01:51 -0800
Processing by BoardsController#index as */*
  [1m[36mBoard Load (0.2ms)[0m  [1m[34mSELECT "boards".* FROM "boards"[0m
  ↳ app/controllers/boards_controller.rb:4:in `index'
Completed 200 OK in 2ms (Views: 1.1ms | ActiveRecord: 0.2ms | Allocations: 799)


Started GET "/boards" for ::1 at 2021-01-25 17:02:12 -0800
Processing by BoardsController#index as */*
  [1m[36mBoard Load (0.1ms)[0m  [1m[34mSELECT "boards".* FROM "boards"[0m
  ↳ app/controllers/boards_controller.rb:4:in `index'
Completed 200 OK in 2ms (Views: 1.4ms | ActiveRecord: 0.1ms | Allocations: 799)


Started GET "/lists" for ::1 at 2021-01-25 17:17:09 -0800
Processing by ListsController#index as */*
Completed 500 Internal Server Error in 11ms (Allocations: 2909)


  
NameError (undefined local variable or method `lists' for #<ListsController:0x007f7ee5f00b70>
Did you mean?  list):
  
app/controllers/lists_controller.rb:4:in `index'
Started GET "/lists" for ::1 at 2021-01-25 17:17:40 -0800
Processing by ListsController#index as HTML
Completed 500 Internal Server Error in 4ms (Allocations: 1576)


  
NameError (undefined local variable or method `lists' for #<ListsController:0x007f7ee5f65160>
Did you mean?  list):
  
app/controllers/lists_controller.rb:4:in `index'
Started GET "/lists" for ::1 at 2021-01-25 17:17:56 -0800
Processing by ListsController#index as */*
Completed 500 Internal Server Error in 2ms (Allocations: 1577)


  
NameError (undefined local variable or method `lists' for #<ListsController:0x007f7ee96afeb8>
Did you mean?  list):
  
app/controllers/lists_controller.rb:4:in `index'
Started GET "/lists" for ::1 at 2021-01-25 17:17:57 -0800
Processing by ListsController#index as HTML
  [1m[35m (0.1ms)[0m  [1m[34mSELECT sqlite_version(*)[0m
  ↳ app/controllers/lists_controller.rb:4:in `index'
  [1m[36mList Load (0.4ms)[0m  [1m[34mSELECT "lists".* FROM "lists"[0m
  ↳ app/controllers/lists_controller.rb:4:in `index'
Completed 200 OK in 13ms (Views: 8.1ms | ActiveRecord: 1.3ms | Allocations: 5583)


Started GET "/lists" for ::1 at 2021-01-25 17:28:27 -0800
Processing by ListsController#index as */*
Started GET "/boards" for ::1 at 2021-01-25 17:28:27 -0800
  [1m[35m (0.1ms)[0m  [1m[34mSELECT sqlite_version(*)[0m
  ↳ app/controllers/lists_controller.rb:4:in `index'
  [1m[36mList Load (0.1ms)[0m  [1m[34mSELECT "lists".* FROM "lists"[0m
  ↳ app/controllers/lists_controller.rb:4:in `index'
Completed 200 OK in 4ms (Views: 3.8ms | ActiveRecord: 0.4ms | Allocations: 1730)


Processing by BoardsController#index as */*
  [1m[36mBoard Load (0.6ms)[0m  [1m[34mSELECT "boards".* FROM "boards"[0m
  ↳ app/controllers/boards_controller.rb:4:in `index'
Completed 200 OK in 8ms (Views: 4.8ms | ActiveRecord: 0.6ms | Allocations: 3464)


Started GET "/lists" for ::1 at 2021-01-25 17:28:33 -0800
Processing by ListsController#index as */*
  [1m[36mList Load (0.1ms)[0m  [1m[34mSELECT "lists".* FROM "lists"[0m
  ↳ app/controllers/lists_controller.rb:4:in `index'
Completed 200 OK in 5ms (Views: 4.4ms | ActiveRecord: 0.1ms | Allocations: 1036)


Started GET "/boards" for ::1 at 2021-01-25 17:28:33 -0800
Processing by BoardsController#index as */*
  [1m[36mBoard Load (0.2ms)[0m  [1m[34mSELECT "boards".* FROM "boards"[0m
  ↳ app/controllers/boards_controller.rb:4:in `index'
Completed 200 OK in 2ms (Views: 1.7ms | ActiveRecord: 0.2ms | Allocations: 799)


Started GET "/lists" for ::1 at 2021-01-25 17:28:54 -0800
Started GET "/boards" for ::1 at 2021-01-25 17:28:54 -0800
Processing by BoardsController#index as */*
  [1m[36mBoard Load (0.1ms)[0m  [1m[34mSELECT "boards".* FROM "boards"[0m
  ↳ app/controllers/boards_controller.rb:4:in `index'
Completed 200 OK in 1ms (Views: 1.0ms | ActiveRecord: 0.1ms | Allocations: 799)


Processing by ListsController#index as */*
  [1m[36mList Load (0.1ms)[0m  [1m[34mSELECT "lists".* FROM "lists"[0m
  ↳ app/controllers/lists_controller.rb:4:in `index'
Completed 200 OK in 3ms (Views: 2.4ms | ActiveRecord: 0.1ms | Allocations: 1036)


Started GET "/boards" for ::1 at 2021-01-25 17:31:18 -0800
Started GET "/lists" for ::1 at 2021-01-25 17:31:18 -0800
Processing by ListsController#index as */*
  [1m[36mList Load (0.1ms)[0m  [1m[34mSELECT "lists".* FROM "lists"[0m
  ↳ app/controllers/lists_controller.rb:4:in `index'
Completed 200 OK in 2ms (Views: 1.9ms | ActiveRecord: 0.1ms | Allocations: 1036)


Processing by BoardsController#index as */*
  [1m[35m (0.1ms)[0m  [1m[34mSELECT sqlite_version(*)[0m
  ↳ app/controllers/boards_controller.rb:4:in `index'
  [1m[36mBoard Load (0.1ms)[0m  [1m[34mSELECT "boards".* FROM "boards"[0m
  ↳ app/controllers/boards_controller.rb:4:in `index'
Completed 200 OK in 9ms (Views: 5.5ms | ActiveRecord: 2.9ms | Allocations: 1423)


Started GET "/boards" for ::1 at 2021-01-25 17:31:18 -0800
Started GET "/lists" for ::1 at 2021-01-25 17:31:18 -0800
Processing by BoardsController#index as */*
  [1m[36mBoard Load (0.1ms)[0m  [1m[34mSELECT "boards".* FROM "boards"[0m
  ↳ app/controllers/boards_controller.rb:4:in `index'
Processing by ListsController#index as */*
  [1m[36mList Load (0.1ms)[0m  [1m[34mSELECT "lists".* FROM "lists"[0m
  ↳ app/controllers/lists_controller.rb:4:in `index'
Completed 200 OK in 2ms (Views: 1.7ms | ActiveRecord: 0.1ms | Allocations: 1036)


Completed 200 OK in 12ms (Views: 12.0ms | ActiveRecord: 0.1ms | Allocations: 2259)


Started GET "/lists" for ::1 at 2021-01-25 17:31:32 -0800
Started GET "/boards" for ::1 at 2021-01-25 17:31:32 -0800
Processing by ListsController#index as */*
  [1m[36mList Load (0.2ms)[0m  [1m[34mSELECT "lists".* FROM "lists"[0m
Processing by BoardsController#index as */*
  ↳ app/controllers/lists_controller.rb:4:in `index'
  [1m[36mBoard Load (0.1ms)[0m  [1m[34mSELECT "boards".* FROM "boards"[0m
Completed 200 OK in 3ms (Views: 2.7ms | ActiveRecord: 0.2ms | Allocations: 1381)


  ↳ app/controllers/boards_controller.rb:4:in `index'
Completed 200 OK in 4ms (Views: 3.3ms | ActiveRecord: 0.1ms | Allocations: 1517)


Started GET "/boards" for ::1 at 2021-01-25 17:31:33 -0800
Started GET "/lists" for ::1 at 2021-01-25 17:31:33 -0800
Processing by BoardsController#index as */*
Processing by ListsController#index as */*
  [1m[36mBoard Load (0.1ms)[0m  [1m[34mSELECT "boards".* FROM "boards"[0m
  [1m[36mList Load (0.1ms)[0m  [1m[34mSELECT "lists".* FROM "lists"[0m
  ↳ app/controllers/boards_controller.rb:4:in `index'
  ↳ app/controllers/lists_controller.rb:4:in `index'
Completed 200 OK in 4ms (Views: 3.4ms | ActiveRecord: 0.1ms | Allocations: 1362)


Completed 200 OK in 4ms (Views: 3.3ms | ActiveRecord: 0.1ms | Allocations: 1709)


Started GET "/boards" for ::1 at 2021-01-25 17:31:34 -0800
Started GET "/lists" for ::1 at 2021-01-25 17:31:34 -0800
Processing by BoardsController#index as */*
  [1m[36mBoard Load (0.1ms)[0m  [1m[34mSELECT "boards".* FROM "boards"[0m
Processing by ListsController#index as */*
  ↳ app/controllers/boards_controller.rb:4:in `index'
  [1m[36mList Load (0.1ms)[0m  [1m[34mSELECT "lists".* FROM "lists"[0m
Completed 200 OK in 4ms (Views: 3.5ms | ActiveRecord: 0.1ms | Allocations: 1135)


  ↳ app/controllers/lists_controller.rb:4:in `index'
Completed 200 OK in 5ms (Views: 4.2ms | ActiveRecord: 0.1ms | Allocations: 1485)


Started GET "/boards" for ::1 at 2021-01-25 17:36:48 -0800
Processing by BoardsController#index as */*
Started GET "/lists" for ::1 at 2021-01-25 17:36:48 -0800
  [1m[36mBoard Load (0.1ms)[0m  [1m[34mSELECT "boards".* FROM "boards"[0m
  ↳ app/controllers/boards_controller.rb:4:in `index'
Completed 200 OK in 2ms (Views: 1.7ms | ActiveRecord: 0.1ms | Allocations: 821)


Processing by ListsController#index as */*
  [1m[36mList Load (0.1ms)[0m  [1m[34mSELECT "lists".* FROM "lists"[0m
  ↳ app/controllers/lists_controller.rb:4:in `index'
Completed 200 OK in 3ms (Views: 2.4ms | ActiveRecord: 0.1ms | Allocations: 1075)


Started GET "/boards" for ::1 at 2021-01-25 17:36:48 -0800
Processing by BoardsController#index as */*
  [1m[36mBoard Load (0.1ms)[0m  [1m[34mSELECT "boards".* FROM "boards"[0m
Started GET "/lists" for ::1 at 2021-01-25 17:36:48 -0800
  ↳ app/controllers/boards_controller.rb:4:in `index'
Completed 200 OK in 6ms (Views: 3.7ms | ActiveRecord: 0.1ms | Allocations: 1001)


Processing by ListsController#index as */*
  [1m[36mList Load (0.1ms)[0m  [1m[34mSELECT "lists".* FROM "lists"[0m
  ↳ app/controllers/lists_controller.rb:4:in `index'
Completed 200 OK in 2ms (Views: 1.4ms | ActiveRecord: 0.1ms | Allocations: 1036)


Started GET "/lists" for ::1 at 2021-01-25 17:36:49 -0800
Started GET "/boards" for ::1 at 2021-01-25 17:36:49 -0800
Processing by ListsController#index as */*
Processing by BoardsController#index as */*
  [1m[36mList Load (0.1ms)[0m  [1m[34mSELECT "lists".* FROM "lists"[0m
  [1m[36mBoard Load (0.1ms)[0m  [1m[34mSELECT "boards".* FROM "boards"[0m
  ↳ app/controllers/lists_controller.rb:4:in `index'
  ↳ app/controllers/boards_controller.rb:4:in `index'
Completed 200 OK in 4ms (Views: 3.3ms | ActiveRecord: 0.1ms | Allocations: 1588)


Completed 200 OK in 3ms (Views: 3.2ms | ActiveRecord: 0.1ms | Allocations: 1702)


Started GET "/lists" for ::1 at 2021-01-25 17:36:51 -0800
Started GET "/boards" for ::1 at 2021-01-25 17:36:51 -0800
Processing by ListsController#index as */*
  [1m[36mList Load (0.1ms)[0m  [1m[34mSELECT "lists".* FROM "lists"[0m
  ↳ app/controllers/lists_controller.rb:4:in `index'
Processing by BoardsController#index as */*
Completed 200 OK in 3ms (Views: 1.7ms | ActiveRecord: 0.1ms | Allocations: 1212)


  [1m[36mBoard Load (0.3ms)[0m  [1m[34mSELECT "boards".* FROM "boards"[0m
  ↳ app/controllers/boards_controller.rb:4:in `index'
Completed 200 OK in 3ms (Views: 2.3ms | ActiveRecord: 0.3ms | Allocations: 1001)


Started GET "/lists" for ::1 at 2021-01-25 17:36:52 -0800
Processing by ListsController#index as */*
  [1m[36mList Load (0.1ms)[0m  [1m[34mSELECT "lists".* FROM "lists"[0m
  ↳ app/controllers/lists_controller.rb:4:in `index'
Completed 200 OK in 2ms (Views: 1.6ms | ActiveRecord: 0.1ms | Allocations: 1083)


Started GET "/boards" for ::1 at 2021-01-25 17:36:52 -0800
Processing by BoardsController#index as */*
  [1m[36mBoard Load (0.2ms)[0m  [1m[34mSELECT "boards".* FROM "boards"[0m
  ↳ app/controllers/boards_controller.rb:4:in `index'
Completed 200 OK in 3ms (Views: 2.7ms | ActiveRecord: 0.2ms | Allocations: 799)


Started GET "/boards" for ::1 at 2021-01-25 17:36:53 -0800
Started GET "/lists" for ::1 at 2021-01-25 17:36:53 -0800
Processing by ListsController#index as */*
  [1m[36mList Load (0.1ms)[0m  [1m[34mSELECT "lists".* FROM "lists"[0m
  ↳ app/controllers/lists_controller.rb:4:in `index'
Completed 200 OK in 2ms (Views: 2.0ms | ActiveRecord: 0.1ms | Allocations: 1036)


Processing by BoardsController#index as */*
  [1m[36mBoard Load (0.1ms)[0m  [1m[34mSELECT "boards".* FROM "boards"[0m
  ↳ app/controllers/boards_controller.rb:4:in `index'
Completed 200 OK in 3ms (Views: 2.5ms | ActiveRecord: 0.1ms | Allocations: 799)


Started GET "/boards" for ::1 at 2021-01-25 17:37:11 -0800
Processing by BoardsController#index as */*
Started GET "/lists" for ::1 at 2021-01-25 17:37:11 -0800
  [1m[36mBoard Load (0.3ms)[0m  [1m[34mSELECT "boards".* FROM "boards"[0m
  ↳ app/controllers/boards_controller.rb:4:in `index'
Completed 200 OK in 4ms (Views: 3.7ms | ActiveRecord: 0.3ms | Allocations: 1024)


Processing by ListsController#index as */*
  [1m[36mList Load (0.1ms)[0m  [1m[34mSELECT "lists".* FROM "lists"[0m
  ↳ app/controllers/lists_controller.rb:4:in `index'
Completed 200 OK in 3ms (Views: 2.5ms | ActiveRecord: 0.1ms | Allocations: 1075)


Started GET "/boards" for ::1 at 2021-01-25 17:37:12 -0800
Started GET "/lists" for ::1 at 2021-01-25 17:37:12 -0800
Processing by BoardsController#index as */*
  [1m[36mBoard Load (0.1ms)[0m  [1m[34mSELECT "boards".* FROM "boards"[0m
  ↳ app/controllers/boards_controller.rb:4:in `index'
Processing by ListsController#index as */*
Completed 200 OK in 2ms (Views: 2.0ms | ActiveRecord: 0.1ms | Allocations: 979)


  [1m[36mList Load (0.1ms)[0m  [1m[34mSELECT "lists".* FROM "lists"[0m
  ↳ app/controllers/lists_controller.rb:4:in `index'
Completed 200 OK in 4ms (Views: 4.1ms | ActiveRecord: 0.1ms | Allocations: 1238)


Started GET "/boards" for ::1 at 2021-01-25 17:37:13 -0800
Started GET "/lists" for ::1 at 2021-01-25 17:37:13 -0800
Processing by BoardsController#index as */*
  [1m[36mBoard Load (0.1ms)[0m  [1m[34mSELECT "boards".* FROM "boards"[0m
Processing by ListsController#index as */*
  ↳ app/controllers/boards_controller.rb:4:in `index'
  [1m[36mList Load (0.2ms)[0m  [1m[34mSELECT "lists".* FROM "lists"[0m
Completed 200 OK in 4ms (Views: 3.6ms | ActiveRecord: 0.1ms | Allocations: 1139)


  ↳ app/controllers/lists_controller.rb:4:in `index'
Completed 200 OK in 4ms (Views: 3.4ms | ActiveRecord: 0.2ms | Allocations: 1485)


Started GET "/boards" for ::1 at 2021-01-25 17:37:15 -0800
Processing by BoardsController#index as */*
  [1m[36mBoard Load (0.2ms)[0m  [1m[34mSELECT "boards".* FROM "boards"[0m
  ↳ app/controllers/boards_controller.rb:4:in `index'
Completed 200 OK in 2ms (Views: 2.0ms | ActiveRecord: 0.2ms | Allocations: 903)


Started GET "/lists" for ::1 at 2021-01-25 17:37:15 -0800
Processing by ListsController#index as */*
  [1m[36mList Load (0.1ms)[0m  [1m[34mSELECT "lists".* FROM "lists"[0m
  ↳ app/controllers/lists_controller.rb:4:in `index'
Completed 200 OK in 5ms (Views: 4.4ms | ActiveRecord: 0.1ms | Allocations: 1036)


Started GET "/boards" for ::1 at 2021-01-25 17:37:17 -0800
Started GET "/lists" for ::1 at 2021-01-25 17:37:17 -0800
Processing by BoardsController#index as */*
  [1m[36mBoard Load (0.1ms)[0m  [1m[34mSELECT "boards".* FROM "boards"[0m
Processing by ListsController#index as */*
  [1m[36mList Load (0.1ms)[0m  [1m[34mSELECT "lists".* FROM "lists"[0m
  ↳ app/controllers/boards_controller.rb:4:in `index'
  ↳ app/controllers/lists_controller.rb:4:in `index'
Completed 200 OK in 3ms (Views: 2.5ms | ActiveRecord: 0.1ms | Allocations: 1326)


Completed 200 OK in 4ms (Views: 3.3ms | ActiveRecord: 0.1ms | Allocations: 1362)


Started GET "/boards" for ::1 at 2021-01-25 17:37:19 -0800
Started GET "/lists" for ::1 at 2021-01-25 17:37:19 -0800
Processing by BoardsController#index as */*
Processing by ListsController#index as */*
  [1m[36mBoard Load (0.2ms)[0m  [1m[34mSELECT "boards".* FROM "boards"[0m
  [1m[36mList Load (0.1ms)[0m  [1m[34mSELECT "lists".* FROM "lists"[0m
  ↳ app/controllers/lists_controller.rb:4:in `index'
  ↳ app/controllers/boards_controller.rb:4:in `index'
Completed 200 OK in 3ms (Views: 2.7ms | ActiveRecord: 0.1ms | Allocations: 1546)


Completed 200 OK in 5ms (Views: 3.3ms | ActiveRecord: 0.2ms | Allocations: 2055)


Started GET "/boards" for ::1 at 2021-01-25 17:37:19 -0800
Started GET "/lists" for ::1 at 2021-01-25 17:37:19 -0800
Processing by BoardsController#index as */*
  [1m[36mBoard Load (0.1ms)[0m  [1m[34mSELECT "boards".* FROM "boards"[0m
Processing by ListsController#index as */*
  ↳ app/controllers/boards_controller.rb:4:in `index'
  [1m[36mList Load (0.1ms)[0m  [1m[34mSELECT "lists".* FROM "lists"[0m
Completed 200 OK in 2ms (Views: 2.0ms | ActiveRecord: 0.1ms | Allocations: 1135)


  ↳ app/controllers/lists_controller.rb:4:in `index'
Completed 200 OK in 3ms (Views: 2.3ms | ActiveRecord: 0.1ms | Allocations: 1524)


Started GET "/boards" for ::1 at 2021-01-25 17:37:20 -0800
Started GET "/lists" for ::1 at 2021-01-25 17:37:20 -0800
Processing by BoardsController#index as */*
  [1m[36mBoard Load (0.2ms)[0m  [1m[34mSELECT "boards".* FROM "boards"[0m
Processing by ListsController#index as */*
  ↳ app/controllers/boards_controller.rb:4:in `index'
  [1m[36mList Load (0.1ms)[0m  [1m[34mSELECT "lists".* FROM "lists"[0m
  ↳ app/controllers/lists_controller.rb:4:in `index'
Completed 200 OK in 4ms (Views: 3.4ms | ActiveRecord: 0.2ms | Allocations: 1536)


Completed 200 OK in 3ms (Views: 2.3ms | ActiveRecord: 0.1ms | Allocations: 1326)


Started GET "/lists" for ::1 at 2021-01-25 17:37:20 -0800
Started GET "/boards" for ::1 at 2021-01-25 17:37:20 -0800
Processing by ListsController#index as */*
  [1m[36mList Load (0.1ms)[0m  [1m[34mSELECT "lists".* FROM "lists"[0m
  ↳ app/controllers/lists_controller.rb:4:in `index'
Processing by BoardsController#index as */*
  [1m[36mBoard Load (0.1ms)[0m  [1m[34mSELECT "boards".* FROM "boards"[0m
Completed 200 OK in 5ms (Views: 4.2ms | ActiveRecord: 0.1ms | Allocations: 1481)


  ↳ app/controllers/boards_controller.rb:4:in `index'
Completed 200 OK in 3ms (Views: 2.9ms | ActiveRecord: 0.1ms | Allocations: 1461)


Started GET "/boards" for ::1 at 2021-01-25 17:37:24 -0800
Started GET "/lists" for ::1 at 2021-01-25 17:37:24 -0800
Processing by BoardsController#index as */*
  [1m[36mBoard Load (0.1ms)[0m  [1m[34mSELECT "boards".* FROM "boards"[0m
  ↳ app/controllers/boards_controller.rb:4:in `index'
Processing by ListsController#index as */*
Completed 200 OK in 2ms (Views: 1.5ms | ActiveRecord: 0.1ms | Allocations: 981)


  [1m[36mList Load (0.1ms)[0m  [1m[34mSELECT "lists".* FROM "lists"[0m
  ↳ app/controllers/lists_controller.rb:4:in `index'
Completed 200 OK in 2ms (Views: 1.8ms | ActiveRecord: 0.1ms | Allocations: 1238)


Started GET "/boards" for ::1 at 2021-01-25 17:37:26 -0800
Started GET "/lists" for ::1 at 2021-01-25 17:37:26 -0800
Processing by BoardsController#index as */*
Processing by ListsController#index as */*
  [1m[36mBoard Load (0.1ms)[0m  [1m[34mSELECT "boards".* FROM "boards"[0m
  ↳ app/controllers/boards_controller.rb:4:in `index'
  [1m[36mList Load (0.1ms)[0m  [1m[34mSELECT "lists".* FROM "lists"[0m
  ↳ app/controllers/lists_controller.rb:4:in `index'
Completed 200 OK in 3ms (Views: 2.2ms | ActiveRecord: 0.1ms | Allocations: 961)


Completed 200 OK in 4ms (Views: 4.0ms | ActiveRecord: 0.1ms | Allocations: 1925)


Started GET "/boards" for ::1 at 2021-01-25 17:37:31 -0800
Processing by BoardsController#index as */*
  [1m[36mBoard Load (0.1ms)[0m  [1m[34mSELECT "boards".* FROM "boards"[0m
  ↳ app/controllers/boards_controller.rb:4:in `index'
Started GET "/lists" for ::1 at 2021-01-25 17:37:31 -0800
Completed 200 OK in 3ms (Views: 2.3ms | ActiveRecord: 0.1ms | Allocations: 1027)


Processing by ListsController#index as */*
  [1m[36mList Load (0.1ms)[0m  [1m[34mSELECT "lists".* FROM "lists"[0m
  ↳ app/controllers/lists_controller.rb:4:in `index'
Completed 200 OK in 2ms (Views: 2.0ms | ActiveRecord: 0.1ms | Allocations: 1036)


Started GET "/boards" for ::1 at 2021-01-25 17:37:32 -0800
Started GET "/lists" for ::1 at 2021-01-25 17:37:32 -0800
Processing by BoardsController#index as */*
  [1m[36mBoard Load (0.2ms)[0m  [1m[34mSELECT "boards".* FROM "boards"[0m
  ↳ app/controllers/boards_controller.rb:4:in `index'
Completed 200 OK in 2ms (Views: 1.5ms | ActiveRecord: 0.2ms | Allocations: 799)


Processing by ListsController#index as */*
  [1m[36mList Load (0.1ms)[0m  [1m[34mSELECT "lists".* FROM "lists"[0m
  ↳ app/controllers/lists_controller.rb:4:in `index'
Completed 200 OK in 2ms (Views: 1.7ms | ActiveRecord: 0.1ms | Allocations: 1036)


Started GET "/boards" for ::1 at 2021-01-25 17:37:33 -0800
Started GET "/lists" for ::1 at 2021-01-25 17:37:33 -0800
Processing by BoardsController#index as */*
Processing by ListsController#index as */*
  [1m[36mBoard Load (0.1ms)[0m  [1m[34mSELECT "boards".* FROM "boards"[0m
  [1m[36mList Load (0.1ms)[0m  [1m[34mSELECT "lists".* FROM "lists"[0m
  ↳ app/controllers/boards_controller.rb:4:in `index'
  ↳ app/controllers/lists_controller.rb:4:in `index'
Completed 200 OK in 5ms (Views: 4.4ms | ActiveRecord: 0.1ms | Allocations: 1362)


Completed 200 OK in 5ms (Views: 4.6ms | ActiveRecord: 0.1ms | Allocations: 1723)


Started GET "/boards" for ::1 at 2021-01-25 17:37:36 -0800
Processing by BoardsController#index as */*
Started GET "/lists" for ::1 at 2021-01-25 17:37:36 -0800
  [1m[36mBoard Load (0.1ms)[0m  [1m[34mSELECT "boards".* FROM "boards"[0m
  ↳ app/controllers/boards_controller.rb:4:in `index'
Completed 200 OK in 2ms (Views: 1.7ms | ActiveRecord: 0.1ms | Allocations: 819)


Processing by ListsController#index as */*
  [1m[36mList Load (0.1ms)[0m  [1m[34mSELECT "lists".* FROM "lists"[0m
  ↳ app/controllers/lists_controller.rb:4:in `index'
Completed 200 OK in 2ms (Views: 1.4ms | ActiveRecord: 0.1ms | Allocations: 1036)


Started GET "/boards" for ::1 at 2021-01-25 17:37:36 -0800
Started GET "/lists" for ::1 at 2021-01-25 17:37:36 -0800
Processing by BoardsController#index as */*
Processing by ListsController#index as */*
  [1m[36mBoard Load (0.1ms)[0m  [1m[34mSELECT "boards".* FROM "boards"[0m
  [1m[36mList Load (0.1ms)[0m  [1m[34mSELECT "lists".* FROM "lists"[0m
  ↳ app/controllers/boards_controller.rb:4:in `index'
  ↳ app/controllers/lists_controller.rb:4:in `index'
Completed 200 OK in 3ms (Views: 2.5ms | ActiveRecord: 0.1ms | Allocations: 1358)


Completed 200 OK in 3ms (Views: 2.5ms | ActiveRecord: 0.1ms | Allocations: 1709)


Started GET "/boards" for ::1 at 2021-01-25 17:37:37 -0800
Started GET "/lists" for ::1 at 2021-01-25 17:37:37 -0800
Processing by BoardsController#index as */*
  [1m[36mBoard Load (0.1ms)[0m  [1m[34mSELECT "boards".* FROM "boards"[0m
  ↳ app/controllers/boards_controller.rb:4:in `index'
Processing by ListsController#index as */*
  [1m[36mList Load (0.1ms)[0m  [1m[34mSELECT "lists".* FROM "lists"[0m
  ↳ app/controllers/lists_controller.rb:4:in `index'
Completed 200 OK in 5ms (Views: 4.1ms | ActiveRecord: 0.1ms | Allocations: 985)


Completed 200 OK in 3ms (Views: 2.7ms | ActiveRecord: 0.1ms | Allocations: 1050)


Started GET "/boards" for ::1 at 2021-01-25 17:37:43 -0800
Started GET "/lists" for ::1 at 2021-01-25 17:37:43 -0800
Processing by ListsController#index as */*
Processing by BoardsController#index as */*
  [1m[36mList Load (0.1ms)[0m  [1m[34mSELECT "lists".* FROM "lists"[0m
  [1m[36mBoard Load (0.1ms)[0m  [1m[34mSELECT "boards".* FROM "boards"[0m
  ↳ app/controllers/lists_controller.rb:4:in `index'
  ↳ app/controllers/boards_controller.rb:4:in `index'
Completed 200 OK in 3ms (Views: 2.3ms | ActiveRecord: 0.1ms | Allocations: 1587)


Completed 200 OK in 3ms (Views: 2.5ms | ActiveRecord: 0.1ms | Allocations: 1715)


Started GET "/boards" for ::1 at 2021-01-25 17:38:12 -0800
Started GET "/lists" for ::1 at 2021-01-25 17:38:12 -0800
Processing by BoardsController#index as */*
  [1m[36mBoard Load (0.1ms)[0m  [1m[34mSELECT "boards".* FROM "boards"[0m
  ↳ app/controllers/boards_controller.rb:4:in `index'
Processing by ListsController#index as */*
Completed 200 OK in 2ms (Views: 2.1ms | ActiveRecord: 0.1ms | Allocations: 977)


  [1m[36mList Load (0.1ms)[0m  [1m[34mSELECT "lists".* FROM "lists"[0m
  ↳ app/controllers/lists_controller.rb:4:in `index'
Completed 200 OK in 3ms (Views: 2.6ms | ActiveRecord: 0.1ms | Allocations: 1252)


Started GET "/boards" for ::1 at 2021-01-25 17:44:47 -0800
Started GET "/lists" for ::1 at 2021-01-25 17:44:47 -0800
Processing by BoardsController#index as */*
  [1m[35m (0.1ms)[0m  [1m[34mSELECT sqlite_version(*)[0m
Processing by ListsController#index as */*
  ↳ app/controllers/boards_controller.rb:4:in `index'
  [1m[35m (0.1ms)[0m  [1m[34mSELECT sqlite_version(*)[0m
  ↳ app/controllers/lists_controller.rb:4:in `index'
  [1m[36mList Load (0.1ms)[0m  [1m[34mSELECT "lists".* FROM "lists"[0m
  ↳ app/controllers/lists_controller.rb:4:in `index'
  [1m[36mBoard Load (0.1ms)[0m  [1m[34mSELECT "boards".* FROM "boards"[0m
Completed 200 OK in 4ms (Views: 3.7ms | ActiveRecord: 0.4ms | Allocations: 1719)


  ↳ app/controllers/boards_controller.rb:4:in `index'
Completed 200 OK in 9ms (Views: 8.4ms | ActiveRecord: 0.5ms | Allocations: 3411)


Started GET "/boards" for ::1 at 2021-01-25 17:44:48 -0800
Processing by BoardsController#index as */*
  [1m[36mBoard Load (0.2ms)[0m  [1m[34mSELECT "boards".* FROM "boards"[0m
Started GET "/lists" for ::1 at 2021-01-25 17:44:48 -0800
  ↳ app/controllers/boards_controller.rb:4:in `index'
Completed 200 OK in 3ms (Views: 2.8ms | ActiveRecord: 0.2ms | Allocations: 1050)


Processing by ListsController#index as */*
  [1m[36mList Load (0.2ms)[0m  [1m[34mSELECT "lists".* FROM "lists"[0m
  ↳ app/controllers/lists_controller.rb:4:in `index'
Completed 200 OK in 3ms (Views: 2.2ms | ActiveRecord: 0.2ms | Allocations: 1051)


Started GET "/boards" for ::1 at 2021-01-25 17:44:49 -0800
Processing by BoardsController#index as */*
  [1m[36mBoard Load (0.1ms)[0m  [1m[34mSELECT "boards".* FROM "boards"[0m
Started GET "/lists" for ::1 at 2021-01-25 17:44:49 -0800
  ↳ app/controllers/boards_controller.rb:4:in `index'
Completed 200 OK in 3ms (Views: 3.0ms | ActiveRecord: 0.1ms | Allocations: 988)


Processing by ListsController#index as */*
  [1m[36mList Load (0.1ms)[0m  [1m[34mSELECT "lists".* FROM "lists"[0m
  ↳ app/controllers/lists_controller.rb:4:in `index'
Completed 200 OK in 2ms (Views: 1.9ms | ActiveRecord: 0.1ms | Allocations: 1036)


Started GET "/boards" for ::1 at 2021-01-25 17:45:03 -0800
Started GET "/lists" for ::1 at 2021-01-25 17:45:03 -0800
Processing by BoardsController#index as */*
Processing by ListsController#index as */*
  [1m[36mBoard Load (0.2ms)[0m  [1m[34mSELECT "boards".* FROM "boards"[0m
  [1m[36mList Load (0.1ms)[0m  [1m[34mSELECT "lists".* FROM "lists"[0m
  ↳ app/controllers/boards_controller.rb:4:in `index'
  ↳ app/controllers/lists_controller.rb:4:in `index'
Completed 200 OK in 5ms (Views: 4.9ms | ActiveRecord: 0.2ms | Allocations: 1354)


Completed 200 OK in 5ms (Views: 4.7ms | ActiveRecord: 0.1ms | Allocations: 1723)


Started GET "/boards" for ::1 at 2021-01-25 17:46:26 -0800
Started GET "/lists" for ::1 at 2021-01-25 17:46:26 -0800
Processing by BoardsController#index as */*
Processing by ListsController#index as */*
  [1m[36mBoard Load (0.1ms)[0m  [1m[34mSELECT "boards".* FROM "boards"[0m
  [1m[36mList Load (0.1ms)[0m  [1m[34mSELECT "lists".* FROM "lists"[0m
  ↳ app/controllers/boards_controller.rb:4:in `index'
  ↳ app/controllers/lists_controller.rb:4:in `index'
Completed 200 OK in 3ms (Views: 2.7ms | ActiveRecord: 0.1ms | Allocations: 1375)


Completed 200 OK in 4ms (Views: 3.4ms | ActiveRecord: 0.1ms | Allocations: 1710)


Started GET "/boards" for ::1 at 2021-01-25 17:46:48 -0800
Started GET "/lists" for ::1 at 2021-01-25 17:46:48 -0800
Processing by BoardsController#index as */*
  [1m[36mBoard Load (0.1ms)[0m  [1m[34mSELECT "boards".* FROM "boards"[0m
Processing by ListsController#index as */*
  ↳ app/controllers/boards_controller.rb:4:in `index'
  [1m[36mList Load (0.1ms)[0m  [1m[34mSELECT "lists".* FROM "lists"[0m
Completed 200 OK in 2ms (Views: 2.2ms | ActiveRecord: 0.1ms | Allocations: 1135)


  ↳ app/controllers/lists_controller.rb:4:in `index'
Completed 200 OK in 3ms (Views: 2.2ms | ActiveRecord: 0.1ms | Allocations: 1524)


Started GET "/boards" for ::1 at 2021-01-25 17:46:54 -0800
Started GET "/lists" for ::1 at 2021-01-25 17:46:54 -0800
Processing by ListsController#index as */*
Processing by BoardsController#index as */*
  [1m[36mList Load (0.1ms)[0m  [1m[34mSELECT "lists".* FROM "lists"[0m
  [1m[36mBoard Load (0.1ms)[0m  [1m[34mSELECT "boards".* FROM "boards"[0m
  ↳ app/controllers/lists_controller.rb:4:in `index'
  ↳ app/controllers/boards_controller.rb:4:in `index'
Completed 200 OK in 2ms (Views: 2.1ms | ActiveRecord: 0.1ms | Allocations: 1587)


Completed 200 OK in 2ms (Views: 2.2ms | ActiveRecord: 0.1ms | Allocations: 1715)


Started GET "/boards" for ::1 at 2021-01-25 17:47:10 -0800
Started GET "/lists" for ::1 at 2021-01-25 17:47:10 -0800
Processing by BoardsController#index as */*
  [1m[36mBoard Load (0.1ms)[0m  [1m[34mSELECT "boards".* FROM "boards"[0m
Processing by ListsController#index as */*
  ↳ app/controllers/boards_controller.rb:4:in `index'
  [1m[36mList Load (0.1ms)[0m  [1m[34mSELECT "lists".* FROM "lists"[0m
Completed 200 OK in 3ms (Views: 2.5ms | ActiveRecord: 0.1ms | Allocations: 1135)


  ↳ app/controllers/lists_controller.rb:4:in `index'
Completed 200 OK in 3ms (Views: 2.3ms | ActiveRecord: 0.1ms | Allocations: 1485)


Started GET "/boards" for ::1 at 2021-01-25 17:47:10 -0800
Started GET "/lists" for ::1 at 2021-01-25 17:47:10 -0800
Processing by BoardsController#index as */*
  [1m[36mBoard Load (0.1ms)[0m  [1m[34mSELECT "boards".* FROM "boards"[0m
  ↳ app/controllers/boards_controller.rb:4:in `index'
Completed 200 OK in 3ms (Views: 2.1ms | ActiveRecord: 0.1ms | Allocations: 810)


Processing by ListsController#index as */*
  [1m[36mList Load (0.1ms)[0m  [1m[34mSELECT "lists".* FROM "lists"[0m
  ↳ app/controllers/lists_controller.rb:4:in `index'
Completed 200 OK in 2ms (Views: 1.8ms | ActiveRecord: 0.1ms | Allocations: 1036)


Started GET "/lists" for ::1 at 2021-01-25 17:48:14 -0800
Started GET "/boards" for ::1 at 2021-01-25 17:48:14 -0800
Processing by ListsController#index as */*
Processing by BoardsController#index as */*
  [1m[36mList Load (0.1ms)[0m  [1m[34mSELECT "lists".* FROM "lists"[0m
  [1m[36mBoard Load (0.1ms)[0m  [1m[34mSELECT "boards".* FROM "boards"[0m
  ↳ app/controllers/lists_controller.rb:4:in `index'
  ↳ app/controllers/boards_controller.rb:4:in `index'
Completed 200 OK in 2ms (Views: 2.2ms | ActiveRecord: 0.1ms | Allocations: 1591)


Completed 200 OK in 2ms (Views: 2.2ms | ActiveRecord: 0.1ms | Allocations: 1715)


Started GET "/boards" for ::1 at 2021-01-25 17:48:16 -0800
Started GET "/lists" for ::1 at 2021-01-25 17:48:16 -0800
Processing by BoardsController#index as */*
  [1m[36mBoard Load (0.1ms)[0m  [1m[34mSELECT "boards".* FROM "boards"[0m
Processing by ListsController#index as */*
  ↳ app/controllers/boards_controller.rb:4:in `index'
  [1m[36mList Load (0.1ms)[0m  [1m[34mSELECT "lists".* FROM "lists"[0m
Completed 200 OK in 2ms (Views: 2.1ms | ActiveRecord: 0.1ms | Allocations: 1135)


  ↳ app/controllers/lists_controller.rb:4:in `index'
Completed 200 OK in 2ms (Views: 2.2ms | ActiveRecord: 0.1ms | Allocations: 1485)


Started GET "/boards" for ::1 at 2021-01-25 17:48:17 -0800
Started GET "/lists" for ::1 at 2021-01-25 17:48:18 -0800
Processing by ListsController#index as */*
  [1m[36mList Load (0.1ms)[0m  [1m[34mSELECT "lists".* FROM "lists"[0m
Processing by BoardsController#index as */*
  ↳ app/controllers/lists_controller.rb:4:in `index'
  [1m[36mBoard Load (0.1ms)[0m  [1m[34mSELECT "boards".* FROM "boards"[0m
Completed 200 OK in 3ms (Views: 2.6ms | ActiveRecord: 0.1ms | Allocations: 1360)


  ↳ app/controllers/boards_controller.rb:4:in `index'
Completed 200 OK in 3ms (Views: 2.3ms | ActiveRecord: 0.1ms | Allocations: 1516)


Started GET "/boards" for ::1 at 2021-01-25 17:48:18 -0800
Started GET "/lists" for ::1 at 2021-01-25 17:48:18 -0800
Processing by BoardsController#index as */*
Processing by ListsController#index as */*
  [1m[36mBoard Load (0.1ms)[0m  [1m[34mSELECT "boards".* FROM "boards"[0m
  [1m[36mList Load (0.1ms)[0m  [1m[34mSELECT "lists".* FROM "lists"[0m
  ↳ app/controllers/boards_controller.rb:4:in `index'
  ↳ app/controllers/lists_controller.rb:4:in `index'
Completed 200 OK in 2ms (Views: 2.1ms | ActiveRecord: 0.1ms | Allocations: 1363)


Completed 200 OK in 3ms (Views: 2.2ms | ActiveRecord: 0.1ms | Allocations: 1724)


Started GET "/lists" for ::1 at 2021-01-25 17:48:21 -0800
Processing by ListsController#index as */*
  [1m[36mList Load (0.2ms)[0m  [1m[34mSELECT "lists".* FROM "lists"[0m
  ↳ app/controllers/lists_controller.rb:4:in `index'
Completed 200 OK in 3ms (Views: 2.5ms | ActiveRecord: 0.2ms | Allocations: 1083)


Started GET "/boards" for ::1 at 2021-01-25 17:48:21 -0800
Processing by BoardsController#index as */*
  [1m[36mBoard Load (0.1ms)[0m  [1m[34mSELECT "boards".* FROM "boards"[0m
  ↳ app/controllers/boards_controller.rb:4:in `index'
Completed 200 OK in 2ms (Views: 1.4ms | ActiveRecord: 0.1ms | Allocations: 799)


Started GET "/boards" for ::1 at 2021-01-25 17:48:22 -0800
Started GET "/lists" for ::1 at 2021-01-25 17:48:22 -0800
Processing by BoardsController#index as */*
  [1m[36mBoard Load (0.1ms)[0m  [1m[34mSELECT "boards".* FROM "boards"[0m
  ↳ app/controllers/boards_controller.rb:4:in `index'
Processing by ListsController#index as */*
Completed 200 OK in 2ms (Views: 1.6ms | ActiveRecord: 0.1ms | Allocations: 981)


  [1m[36mList Load (0.2ms)[0m  [1m[34mSELECT "lists".* FROM "lists"[0m
  ↳ app/controllers/lists_controller.rb:4:in `index'
Completed 200 OK in 2ms (Views: 1.9ms | ActiveRecord: 0.2ms | Allocations: 1238)


Started GET "/boards" for ::1 at 2021-01-25 17:48:23 -0800
Started GET "/lists" for ::1 at 2021-01-25 17:48:23 -0800
Processing by BoardsController#index as */*
  [1m[36mBoard Load (0.2ms)[0m  [1m[34mSELECT "boards".* FROM "boards"[0m
  ↳ app/controllers/boards_controller.rb:4:in `index'
Processing by ListsController#index as */*
Completed 200 OK in 3ms (Views: 3.1ms | ActiveRecord: 0.2ms | Allocations: 983)


  [1m[36mList Load (0.1ms)[0m  [1m[34mSELECT "lists".* FROM "lists"[0m
  ↳ app/controllers/lists_controller.rb:4:in `index'
Completed 200 OK in 2ms (Views: 2.2ms | ActiveRecord: 0.1ms | Allocations: 1238)


Started GET "/boards" for ::1 at 2021-01-25 17:48:42 -0800
Processing by BoardsController#index as */*
Started GET "/lists" for ::1 at 2021-01-25 17:48:42 -0800
  [1m[36mBoard Load (0.1ms)[0m  [1m[34mSELECT "boards".* FROM "boards"[0m
  ↳ app/controllers/boards_controller.rb:4:in `index'
Completed 200 OK in 3ms (Views: 3.1ms | ActiveRecord: 0.1ms | Allocations: 825)


Processing by ListsController#index as */*
  [1m[36mList Load (0.1ms)[0m  [1m[34mSELECT "lists".* FROM "lists"[0m
  ↳ app/controllers/lists_controller.rb:4:in `index'
Completed 200 OK in 2ms (Views: 2.0ms | ActiveRecord: 0.1ms | Allocations: 1036)


Started GET "/boards" for ::1 at 2021-01-25 17:57:05 -0800
Started GET "/lists" for ::1 at 2021-01-25 17:57:05 -0800
Processing by BoardsController#index as */*
  [1m[35m (0.5ms)[0m  [1m[34mSELECT sqlite_version(*)[0m
  ↳ app/controllers/boards_controller.rb:4:in `index'
  [1m[36mBoard Load (0.4ms)[0m  [1m[34mSELECT "boards".* FROM "boards"[0m
Processing by ListsController#index as */*
  ↳ app/controllers/boards_controller.rb:4:in `index'
  [1m[35m (0.1ms)[0m  [1m[34mSELECT sqlite_version(*)[0m
Completed 200 OK in 9ms (Views: 8.5ms | ActiveRecord: 1.6ms | Allocations: 1749)


  ↳ app/controllers/lists_controller.rb:4:in `index'
  [1m[36mList Load (0.5ms)[0m  [1m[34mSELECT "lists".* FROM "lists"[0m
  ↳ app/controllers/lists_controller.rb:4:in `index'
Completed 200 OK in 5ms (Views: 4.0ms | ActiveRecord: 0.8ms | Allocations: 2102)


Started GET "/boards" for ::1 at 2021-01-25 17:57:21 -0800
Started GET "/lists" for ::1 at 2021-01-25 17:57:21 -0800
Processing by ListsController#index as */*
Processing by BoardsController#index as */*
  [1m[36mList Load (0.6ms)[0m  [1m[34mSELECT "lists".* FROM "lists"[0m
  [1m[36mBoard Load (0.1ms)[0m  [1m[34mSELECT "boards".* FROM "boards"[0m
  ↳ app/controllers/lists_controller.rb:4:in `index'
Completed 200 OK in 4ms (Views: 3.6ms | ActiveRecord: 0.6ms | Allocations: 1587)


  ↳ app/controllers/boards_controller.rb:4:in `index'
Completed 200 OK in 4ms (Views: 3.7ms | ActiveRecord: 0.1ms | Allocations: 1878)


